#-----------------------------------------------------------
# Vivado v2018.3 (64-bit)
# SW Build 2405991 on Thu Dec  6 23:38:27 MST 2018
# IP Build 2404404 on Fri Dec  7 01:43:56 MST 2018
# Start of session at: Thu Feb 24 22:07:46 2022
# Process ID: 20600
# Current directory: C:/Users/86183/Desktop/t/32_dual_ov5640_hdmi
# Command line: vivado.exe -gui_launcher_event rodinguilauncherevent16532 C:\Users\86183\Desktop\t\32_dual_ov5640_hdmi\dual_ov5640_hdmi.xpr
# Log file: C:/Users/86183/Desktop/t/32_dual_ov5640_hdmi/vivado.log
# Journal file: C:/Users/86183/Desktop/t/32_dual_ov5640_hdmi\vivado.jou
#-----------------------------------------------------------
start_gui
open_project C:/Users/86183/Desktop/t/32_dual_ov5640_hdmi/dual_ov5640_hdmi.xpr
INFO: [Project 1-313] Project file moved from 'D:/FPGA_ZYNQ_7000/4_SourceCode/2_Embedded_System/ZYNQ_7010_SDK1/ZYNQ_7010_SDK/32_dual_ov5640_hdmi' since last save.
Scanning sources...
Finished scanning sources
INFO: [IP_Flow 19-234] Refreshing IP repositories
INFO: [IP_Flow 19-1700] Loaded user IP repository 'c:/Users/86183/Desktop/t/32_dual_ov5640_hdmi'.
INFO: [IP_Flow 19-2313] Loaded Vivado IP repository 'D:/APP/Vivado/Vivado/2018.3/data/ip'.
open_project: Time (s): cpu = 00:00:19 ; elapsed = 00:00:13 . Memory (MB): peak = 803.500 ; gain = 169.801
update_compile_order -fileset sources_1
open_bd_design {C:/Users/86183/Desktop/t/32_dual_ov5640_hdmi/dual_ov5640_hdmi.srcs/sources_1/bd/system/system.bd}
Adding cell -- digilentinc.com:ip:axi_dynclk:1.0 - axi_dynclk_0
Adding cell -- xilinx.com:ip:axi_interconnect:2.1 - axi_interconnect_0
Adding cell -- xilinx.com:ip:axi_crossbar:2.1 - xbar
Adding cell -- xilinx.com:ip:axi_protocol_converter:2.1 - auto_pc
Adding cell -- xilinx.com:ip:axi_vdma:6.3 - axi_vdma_0
Adding cell -- xilinx.com:ip:axi_vdma:6.3 - axi_vdma_1
Adding cell -- xilinx.com:ip:processing_system7:5.5 - processing_system7_0
Adding cell -- xilinx.com:ip:axi_interconnect:2.1 - ps7_0_axi_periph
Adding cell -- xilinx.com:ip:axi_crossbar:2.1 - xbar
Adding cell -- xilinx.com:ip:axi_protocol_converter:2.1 - auto_pc
Adding cell -- xilinx.com:ip:proc_sys_reset:5.0 - rst_ps7_0_100M
Adding cell -- xilinx.com:ip:v_axi4s_vid_out:4.0 - v_axi4s_vid_out_0
Adding cell -- xilinx.com:ip:v_osd:6.0 - v_osd_0
Adding cell -- xilinx.com:ip:v_tc:6.1 - v_tc_0
Adding cell -- xilinx.com:ip:v_vid_in_axi4s:4.0 - v_vid_in_axi4s_0
Adding cell -- xilinx.com:ip:v_vid_in_axi4s:4.0 - v_vid_in_axi4s_1
Adding cell -- alientek.com:user:ov5640_capture_data:1.0 - ov5640_capture_data_0
Adding cell -- alientek.com:user:ov5640_capture_data:1.0 - ov5640_capture_data_1
Adding cell -- openedv.com:user:DVI_Transmitter:1.0 - DVI_Transmitter_0
WARNING: [BD 41-1731] Type mismatch between connected pins: /axi_dynclk_0/LOCKED_O(undef) and /ov5640_capture_data_0/rst_n(rst)
WARNING: [BD 41-1731] Type mismatch between connected pins: /axi_dynclk_0/LOCKED_O(undef) and /ov5640_capture_data_1/rst_n(rst)
WARNING: [BD 41-1731] Type mismatch between connected pins: /axi_dynclk_0/LOCKED_O(undef) and /DVI_Transmitter_0/reset_n(rst)
WARNING: [BD 41-1731] Type mismatch between connected pins: /ov5640_capture_data_0/cmos_frame_ce(undef) and /v_vid_in_axi4s_0/vid_io_in_ce(ce)
WARNING: [BD 41-1731] Type mismatch between connected pins: /ov5640_capture_data_1/cmos_frame_ce(undef) and /v_vid_in_axi4s_1/vid_io_in_ce(ce)
Successfully read diagram <system> from BD file <C:/Users/86183/Desktop/t/32_dual_ov5640_hdmi/dual_ov5640_hdmi.srcs/sources_1/bd/system/system.bd>
WARNING: [IP_Flow 19-474] Invalid Parameter 'Component_Name'
startgroup
set_property -dict [list CONFIG.PCW_GPIO_MIO_GPIO_ENABLE {1} CONFIG.PCW_GPIO_MIO_GPIO_IO {MIO}] [get_bd_cells processing_system7_0]
endgroup
open_hw
connect_hw_server
INFO: [Labtools 27-2285] Connecting to hw_server url TCP:localhost:3121
open_hw_target
INFO: [Labtoolstcl 44-466] Opening hw_target localhost:3121/xilinx_tcf/Digilent/210512180081
open_hw_target: Time (s): cpu = 00:00:04 ; elapsed = 00:00:06 . Memory (MB): peak = 1952.633 ; gain = 471.773
set_property PROGRAM.FILE {C:/Users/86183/Desktop/t/32_dual_ov5640_hdmi/dual_ov5640_hdmi.runs/impl_1/system_wrapper.bit} [get_hw_devices xc7z010_1]
current_hw_device [get_hw_devices xc7z010_1]
refresh_hw_device -update_hw_probes false [lindex [get_hw_devices xc7z010_1] 0]
INFO: [Labtools 27-1434] Device xc7z010 (JTAG device index = 1) is programmed with a design that has no supported debug core(s) in it.
INFO: [Vivado 12-4158] Exported Hardware file is out of date. Exported hardware information may be inconsistent with respect to the current state of the design. It is recommended that you re-export the design and launch SDK otherwise SDK is launched with out of date hardware system file.
launch_sdk -workspace C:/Users/86183/Desktop/t/32_dual_ov5640_hdmi/dual_ov5640_hdmi.sdk -hwspec C:/Users/86183/Desktop/t/32_dual_ov5640_hdmi/dual_ov5640_hdmi.sdk/system_wrapper.hdf
INFO: [Vivado 12-393] Launching SDK...
INFO: [Vivado 12-417] Running xsdk -workspace C:/Users/86183/Desktop/t/32_dual_ov5640_hdmi/dual_ov5640_hdmi.sdk -hwspec C:/Users/86183/Desktop/t/32_dual_ov5640_hdmi/dual_ov5640_hdmi.sdk/system_wrapper.hdf
INFO: [Vivado 12-3157] SDK launch initiated. Please check console for any further messages.
set_property PROBES.FILE {} [get_hw_devices xc7z010_1]
set_property FULL_PROBES.FILE {} [get_hw_devices xc7z010_1]
set_property PROGRAM.FILE {C:/Users/86183/Desktop/t/32_dual_ov5640_hdmi/dual_ov5640_hdmi.runs/impl_1/system_wrapper.bit} [get_hw_devices xc7z010_1]
program_hw_devices [get_hw_devices xc7z010_1]
INFO: [Labtools 27-3164] End of startup status: HIGH
refresh_hw_device [lindex [get_hw_devices xc7z010_1] 0]
INFO: [Labtools 27-1434] Device xc7z010 (JTAG device index = 1) is programmed with a design that has no supported debug core(s) in it.
refresh_hw_device [lindex [get_hw_devices xc7z010_1] 0]
INFO: [Labtools 27-1434] Device xc7z010 (JTAG device index = 1) is programmed with a design that has no supported debug core(s) in it.
close_hw
save_bd_design
Wrote  : <C:\Users\86183\Desktop\t\32_dual_ov5640_hdmi\dual_ov5640_hdmi.srcs\sources_1\bd\system\system.bd> 
Wrote  : <C:/Users/86183/Desktop/t/32_dual_ov5640_hdmi/dual_ov5640_hdmi.srcs/sources_1/bd/system/ui/bd_c954508f.ui> 
exit
INFO: [Common 17-206] Exiting Vivado at Fri Feb 25 22:41:19 2022...
